ProMon Analyzer: The variable: PROMONIP = 127.0.0.1
ProMon Analyzer: The variable: PROMONPORT = 41111
ProMon Analyzer: The variable: JOB_SYSTEM = PBS
ProMon Analyzer: The variable: COMM_TYPE = EPOLL
ProMon Analyzer: The variable: PROMON_UDP_PERIODIC_SWEEP = 5
ProMon Analyzer: The variable: PROMON_UDP_INACTIVITY_PERIOD = 5
ProMon SERVEREPOLL: Accepted connection on descriptor 6 (host=127.0.0.1, port=33146)
ProMon SERVEREPOLL: 0;ujjwal;PBS;(null);1495494818;634965823;DUAL;Begin;RECORD-PROGRAMMABLE;Program#1#0;1;0;mpi_hello
ProMon Analyzer: 0 (null) DUAL 1495494818 634965823 
ProMon Analyzer    0|   0: Using /home/ujjwal/Source/ProMon/pmlogs/(null)/events.log as log file
ProMon SERVEREPOLL: 0;ujjwal;PBS;(null);1495494818;635143696;DUAL;Begin;Application;Function#1#0;2;0;
ProMon Analyzer: 0 (null) DUAL 1495494818 635143696 
ProMon SERVEREPOLL: 0;ujjwal;PBS;(null);1495494818;681263423;DUAL;End;Application;Function#1#1;3;0;
ProMon Analyzer: 0 (null) DUAL 1495494818 681263423 
ProMon SERVEREPOLL: 0;ujjwal;PBS;(null);1495494818;681329739;DUAL;End;RECORD-PROGRAMMABLE;Program#1#1;4;0;
ProMon Analyzer: 0 (null) DUAL 1495494818 681329739 
ProMon SERVEREPOLL: Closed connection on descriptor 6
ProMon SERVEREPOLL: Cleaning resources for (null):0!
ProMon Analyzer    0|   0: failed to open file /home/ujjwal/Source/ProMon/pmlogs/(null)/0/summary.log
ProMon Analyzer: The variable: PROMONIP = 127.0.0.1
ProMon Analyzer: The variable: PROMONPORT = 41111
ProMon Analyzer: The variable: JOB_SYSTEM = PBS
ProMon Analyzer: The variable: COMM_TYPE = EPOLL
ProMon Analyzer: The variable: PROMON_UDP_PERIODIC_SWEEP = 5
ProMon Analyzer: The variable: PROMON_UDP_INACTIVITY_PERIOD = 5
ProMon SERVEREPOLL: Accepted connection on descriptor 6 (host=127.0.0.1, port=33148)
ProMon SERVEREPOLL: 0;ujjwal;PBS;(null);1495494838;567042525;DUAL;Begin;RECORD-PROGRAMMABLE;Program#1#0;1;0;mpi_hello
ProMon Analyzer: 0 (null) DUAL 1495494838 567042525 
ProMon Analyzer    0|   0: Using /home/ujjwal/Source/ProMon/pmlogs/(null)/events.log as log file
ProMon SERVEREPOLL: 0;ujjwal;PBS;(null);1495494838;567200011;DUAL;Begin;Application;Function#1#0;2;0;
ProMon Analyzer: 0 (null) DUAL 1495494838 567200011 
ProMon SERVEREPOLL: 0;ujjwal;PBS;(null);1495494838;609101787;DUAL;End;Application;Function#1#1;3;0;
ProMon Analyzer: 0 (null) DUAL 1495494838 609101787 
ProMon SERVEREPOLL: 0;ujjwal;PBS;(null);1495494838;609143536;DUAL;End;RECORD-PROGRAMMABLE;Program#1#1;4;0;
ProMon Analyzer: 0 (null) DUAL 1495494838 609143536 
ProMon SERVEREPOLL: Closed connection on descriptor 6
ProMon SERVEREPOLL: Cleaning resources for (null):0!
ProMon Analyzer    0|   0: failed to open file /home/ujjwal/Source/ProMon/pmlogs/(null)/0/summary.log
ProMon Analyzer: The variable: PROMONIP = 127.0.0.1
ProMon Analyzer: The variable: PROMONPORT = 41111
ProMon Analyzer: The variable: JOB_SYSTEM = PBS
ProMon Analyzer: The variable: COMM_TYPE = EPOLL
ProMon Analyzer: The variable: PROMON_UDP_PERIODIC_SWEEP = 5
ProMon Analyzer: The variable: PROMON_UDP_INACTIVITY_PERIOD = 5
ProMon SERVEREPOLL: Accepted connection on descriptor 6 (host=127.0.0.1, port=33150)
ProMon SERVEREPOLL: 0;ujjwal;PBS;(null);1495494944;706608629;DUAL;Begin;RECORD-PROGRAMMABLE;Program#1#0;1;0;mpi_hello
ProMon Analyzer: 0 (null) DUAL 1495494944 706608629 
ProMon Analyzer    0|   0: Using /home/ujjwal/Source/ProMon/pmlogs/(null)/events.log as log file
ProMon SERVEREPOLL: 0;ujjwal;PBS;(null);1495494944;706784715;DUAL;Begin;Application;Function#1#0;2;0;
ProMon Analyzer: 0 (null) DUAL 1495494944 706784715 
ProMon SERVEREPOLL: 0;ujjwal;PBS;(null);1495494944;746829521;DUAL;End;Application;Function#1#1;3;0;
ProMon Analyzer: 0 (null) DUAL 1495494944 746829521 
ProMon SERVEREPOLL: 0;ujjwal;PBS;(null);1495494944;746880771;DUAL;End;RECORD-PROGRAMMABLE;Program#1#1;4;0;
ProMon Analyzer: 0 (null) DUAL 1495494944 746880771 
ProMon SERVEREPOLL: Closed connection on descriptor 6
ProMon SERVEREPOLL: Cleaning resources for (null):0!
ProMon Analyzer    0|   0: failed to open file /home/ujjwal/Source/ProMon/pmlogs/(null)/0/summary.log
ProMon Analyzer: The variable: PROMONIP = 127.0.0.1
ProMon Analyzer: The variable: PROMONPORT = 41111
ProMon Analyzer: The variable: JOB_SYSTEM = PBS
ProMon Analyzer: The variable: COMM_TYPE = EPOLL
ProMon Analyzer: The variable: PROMON_UDP_PERIODIC_SWEEP = 5
ProMon Analyzer: The variable: PROMON_UDP_INACTIVITY_PERIOD = 5
ProMon SERVEREPOLL: Accepted connection on descriptor 6 (host=127.0.0.1, port=33202)
ProMon SERVEREPOLL: 0;ujjwal;PBS;(null);1495495056;472089426;DUAL;Begin;RECORD-PROGRAMMABLE;Program#1#0;1;0;mpi_hello
ProMon Analyzer: 0 (null) DUAL 1495495056 472089426 
ProMon Analyzer    0|   0: Using /home/ujjwal/Source/ProMon/pmlogs/(null)/events.log as log file
ProMon SERVEREPOLL: 0;ujjwal;PBS;(null);1495495056;472288725;DUAL;Begin;Application;Function#1#0;2;0;
ProMon Analyzer: 0 (null) DUAL 1495495056 472288725 
ProMon SERVEREPOLL: Accepted connection on descriptor 8 (host=127.0.0.1, port=33204)
ProMon SERVEREPOLL: 0;ujjwal;PBS;(null);1495495056;473423181;DUAL;Begin;RECORD-PROGRAMMABLE;Program#1#0;1;0;mpi_hello
ProMon Analyzer: 0 (null) DUAL 1495495056 473423181 
ProMon SERVEREPOLL: 0;ujjwal;PBS;(null);1495495056;473531350;DUAL;Begin;Application;Function#1#0;2;0;
ProMon Analyzer: 0 (null) DUAL 1495495056 473531350 
ProMon SERVEREPOLL: Accepted connection on descriptor 9 (host=127.0.0.1, port=33206)
ProMon SERVEREPOLL: 0;ujjwal;PBS;(null);1495495056;475520655;DUAL;Begin;RECORD-PROGRAMMABLE;Program#1#0;1;0;mpi_hello
ProMon Analyzer: 0 (null) DUAL 1495495056 475520655 
ProMon SERVEREPOLL: 0;ujjwal;PBS;(null);1495495056;475647320;DUAL;Begin;Application;Function#1#0;2;0;
ProMon Analyzer: 0 (null) DUAL 1495495056 475647320 
ProMon SERVEREPOLL: Accepted connection on descriptor 10 (host=127.0.0.1, port=33208)
ProMon SERVEREPOLL: 0;ujjwal;PBS;(null);1495495056;476757984;DUAL;Begin;RECORD-PROGRAMMABLE;Program#1#0;1;0;mpi_hello
ProMon Analyzer: 0 (null) DUAL 1495495056 476757984 
ProMon SERVEREPOLL: 0;ujjwal;PBS;(null);1495495056;476882331;DUAL;Begin;Application;Function#1#0;2;0;
ProMon Analyzer: 0 (null) DUAL 1495495056 476882331 
ProMon SERVEREPOLL: 0;ujjwal;PBS;(null);1495495056;500396158;DUAL;End;Application;Function#1#1;3;0;
ProMon Analyzer: 0 (null) DUAL 1495495056 500396158 
ProMon SERVEREPOLL: 0;ujjwal;PBS;(null);1495495056;500435893;DUAL;End;RECORD-PROGRAMMABLE;Program#1#1;4;0;
ProMon Analyzer: 0 (null) DUAL 1495495056 500435893 
ProMon SERVEREPOLL: Closed connection on descriptor 9
ProMon SERVEREPOLL: Cleaning resources for (null):0!
ProMon Analyzer    0|   0: failed to open file /home/ujjwal/Source/ProMon/pmlogs/(null)/0/summary.log
ProMon Analyzer: The variable: PROMONIP = 127.0.0.1
ProMon Analyzer: The variable: PROMONPORT = 41111
ProMon Analyzer: The variable: JOB_SYSTEM = PBS
ProMon Analyzer: The variable: COMM_TYPE = EPOLL
ProMon Analyzer: The variable: PROMON_UDP_PERIODIC_SWEEP = 5
ProMon Analyzer: The variable: PROMON_UDP_INACTIVITY_PERIOD = 5
ProMon SERVEREPOLL: Accepted connection on descriptor 6 (host=127.0.0.1, port=33220)
ProMon SERVEREPOLL: 0;ujjwal;PBS;(null);1495495063;389241409;DUAL;Begin;RECORD-PROGRAMMABLE;Program#1#0;1;0;mpi_hello
ProMon Analyzer: 0 (null) DUAL 1495495063 389241409 
ProMon Analyzer    0|   0: Using /home/ujjwal/Source/ProMon/pmlogs/(null)/events.log as log file
ProMon SERVEREPOLL: 0;ujjwal;PBS;(null);1495495063;389716456;DUAL;Begin;Application;Function#1#0;2;0;
ProMon Analyzer: 0 (null) DUAL 1495495063 389716456 
ProMon SERVEREPOLL: Accepted connection on descriptor 8 (host=127.0.0.1, port=33222)
ProMon SERVEREPOLL: 0;ujjwal;PBS;(null);1495495063;390211216;DUAL;Begin;RECORD-PROGRAMMABLE;Program#1#0;1;0;mpi_hello
ProMon Analyzer: 0 (null) DUAL 1495495063 390211216 
ProMon SERVEREPOLL: 0;ujjwal;PBS;(null);1495495063;390463289;DUAL;Begin;Application;Function#1#0;2;0;
ProMon Analyzer: 0 (null) DUAL 1495495063 390463289 
ProMon SERVEREPOLL: Accepted connection on descriptor 9 (host=127.0.0.1, port=33224)
ProMon SERVEREPOLL: 0;ujjwal;PBS;(null);1495495063;391571191;DUAL;Begin;RECORD-PROGRAMMABLE;Program#1#0;1;0;mpi_hello
ProMon Analyzer: 0 (null) DUAL 1495495063 391571191 
ProMon SERVEREPOLL: 0;ujjwal;PBS;(null);1495495063;391702317;DUAL;Begin;Application;Function#1#0;2;0;
ProMon Analyzer: 0 (null) DUAL 1495495063 391702317 
ProMon SERVEREPOLL: Accepted connection on descriptor 10 (host=127.0.0.1, port=33226)
ProMon SERVEREPOLL: 0;ujjwal;PBS;(null);1495495063;392841449;DUAL;Begin;RECORD-PROGRAMMABLE;Program#1#0;1;0;mpi_hello
ProMon Analyzer: 0 (null) DUAL 1495495063 392841449 
ProMon SERVEREPOLL: 0;ujjwal;PBS;(null);1495495063;392957322;DUAL;Begin;Application;Function#1#0;2;0;
ProMon Analyzer: 0 (null) DUAL 1495495063 392957322 
ProMon SERVEREPOLL: 0;ujjwal;PBS;(null);1495495063;412521191;DUAL;End;Application;Function#1#1;3;0;
ProMon Analyzer: 0 (null) DUAL 1495495063 412521191 
ProMon SERVEREPOLL: 0;ujjwal;PBS;(null);1495495063;412562540;DUAL;End;RECORD-PROGRAMMABLE;Program#1#1;4;0;
ProMon Analyzer: 0 (null) DUAL 1495495063 412562540 
ProMon SERVEREPOLL: Closed connection on descriptor 10
ProMon SERVEREPOLL: Cleaning resources for (null):0!
ProMon Analyzer    0|   0: failed to open file /home/ujjwal/Source/ProMon/pmlogs/(null)/0/summary.log
