ProMon Analyzer: The variable: PROMONIP = 10.1.1.254
ProMon Analyzer: The variable: PROMONPORT = 41111
ProMon Analyzer: The variable: JOB_SYSTEM = PBS
ProMon Analyzer: The variable: COMM_TYPE = EPOLL
ProMon Analyzer: The variable: PROMON_UDP_PERIODIC_SWEEP = 5
ProMon Analyzer: The variable: PROMON_UDP_INACTIVITY_PERIOD = 5
ProMon Parser: XML file /home/ujjwal/Source/applications/lulesh2.0.3/lulesh2.0 could not be loaded

ProMon Parser: Working directory is (/home/ujjwal/Source/ProMon)

ProMon Analyzer: The variable: PROMONIP = 10.1.1.254
ProMon Analyzer: The variable: PROMONPORT = 41111
ProMon Analyzer: The variable: JOB_SYSTEM = PBS
ProMon Analyzer: The variable: COMM_TYPE = EPOLL
ProMon Analyzer: The variable: PROMON_UDP_PERIODIC_SWEEP = 5
ProMon Analyzer: The variable: PROMON_UDP_INACTIVITY_PERIOD = 5
ProMon Parser: XML file /home/ujjwal/Source/applications/lulesh2.0.3/lulesh2.0 could not be loaded

ProMon Parser: Working directory is (/home/ujjwal/Source/ProMon)

ProMon Analyzer: The variable: PROMONIP = 10.1.1.254
ProMon Analyzer: The variable: PROMONPORT = 41111
ProMon Analyzer: The variable: JOB_SYSTEM = PBS
ProMon Analyzer: The variable: COMM_TYPE = EPOLL
ProMon Analyzer: The variable: PROMON_UDP_PERIODIC_SWEEP = 5
ProMon Analyzer: The variable: PROMON_UDP_INACTIVITY_PERIOD = 5
ProMon Parser: main;BEGIN;1:0:Application:DUAL;Begin;Application;Function

ProMon Parser: main;END;1:0:Application:DUAL;End;Application;Function

ProMon Parser: total records: 2

ProMon Parser: main;BEGIN;1:0:Application:DUAL;Begin;Application;Function;

ProMon Parser: main;END;1:0:Application:DUAL;End;Application;Function;

ProMon Injector: Prob library was successfully loaded (33513808)
ProMon Injector: The method probe function sendInstRecord was found. (37288672)
ProMon Injector: The method probe function accessDataInst was found.(37288704)
ProMon Injector: instrumenting main BEGIN 1:0:Application:DUAL;Begin;Application;Function 
--->found. total: 1 
ProMon Injector: insert probe at BEGIN 1:0:Application:DUAL;Begin;Application;Function position 0x2a63e20 size 1 
ProMon Injector: instrumenting main END 1:0:Application:DUAL;End;Application;Function 
--->found. total: 2 
ProMon Injector: insert probe at END 1:0:Application:DUAL;End;Application;Function position: 0x2a66eb0 3
I did some binary instrumentation.
ProMon Analyzer: The variable: PROMONIP = 10.1.1.254
ProMon Analyzer: The variable: PROMONPORT = 41111
ProMon Analyzer: The variable: JOB_SYSTEM = PBS
ProMon Analyzer: The variable: COMM_TYPE = EPOLL
ProMon Analyzer: The variable: PROMON_UDP_PERIODIC_SWEEP = 5
ProMon Analyzer: The variable: PROMON_UDP_INACTIVITY_PERIOD = 5
ProMon Parser: main;BEGIN;1:0:Application:DUAL;Begin;Application;Function

ProMon Parser: main;END;1:0:Application:DUAL;End;Application;Function

ProMon Parser: total records: 2

ProMon Parser: main;BEGIN;1:0:Application:DUAL;Begin;Application;Function;

ProMon Parser: main;END;1:0:Application:DUAL;End;Application;Function;

ProMon Injector: Prob library was successfully loaded (9525952)
ProMon Injector: The method probe function sendInstRecord was found. (12667680)
ProMon Injector: The method probe function accessDataInst was found.(12667712)
ProMon Injector: instrumenting main BEGIN 1:0:Application:DUAL;Begin;Application;Function 
--->found. total: 1 
ProMon Injector: insert probe at BEGIN 1:0:Application:DUAL;Begin;Application;Function position 0x12e6a60 size 1 
ProMon Injector: instrumenting main END 1:0:Application:DUAL;End;Application;Function 
--->found. total: 2 
ProMon Injector: insert probe at END 1:0:Application:DUAL;End;Application;Function position: 0x12ec2c0 3
I did some binary instrumentation.
ProMon Analyzer: The variable: PROMONIP = 127.0.0.1
ProMon Analyzer: The variable: PROMONPORT = 41111
ProMon Analyzer: The variable: JOB_SYSTEM = PBS
ProMon Analyzer: The variable: COMM_TYPE = EPOLL
ProMon Analyzer: The variable: PROMON_UDP_PERIODIC_SWEEP = 5
ProMon Analyzer: The variable: PROMON_UDP_INACTIVITY_PERIOD = 5
ProMon Parser: main;BEGIN;1:0:Application:DUAL;Begin;Application;Function

ProMon Parser: main;END;1:0:Application:DUAL;End;Application;Function

ProMon Parser: total records: 2

ProMon Parser: main;BEGIN;1:0:Application:DUAL;Begin;Application;Function;

ProMon Parser: main;END;1:0:Application:DUAL;End;Application;Function;

ProMon Injector: Prob library was successfully loaded (14896064)
ProMon Injector: The method probe function sendInstRecord was found. (18037568)
ProMon Injector: The method probe function accessDataInst was found.(18037600)
ProMon Injector: instrumenting main BEGIN 1:0:Application:DUAL;Begin;Application;Function 
--->found. total: 1 
ProMon Injector: insert probe at BEGIN 1:0:Application:DUAL;Begin;Application;Function position 0x1805f70 size 1 
ProMon Injector: instrumenting main END 1:0:Application:DUAL;End;Application;Function 
--->found. total: 2 
ProMon Injector: insert probe at END 1:0:Application:DUAL;End;Application;Function position: 0x180afc0 3
I did some binary instrumentation.
ProMon Analyzer: The variable: PROMONIP = 127.0.0.1
ProMon Analyzer: The variable: PROMONPORT = 41111
ProMon Analyzer: The variable: JOB_SYSTEM = PBS
ProMon Analyzer: The variable: COMM_TYPE = EPOLL
ProMon Analyzer: The variable: PROMON_UDP_PERIODIC_SWEEP = 5
ProMon Analyzer: The variable: PROMON_UDP_INACTIVITY_PERIOD = 5
ProMon Parser: main;BEGIN;1:0:Application:DUAL;Begin;Application;Function

ProMon Parser: main;END;1:0:Application:DUAL;End;Application;Function

ProMon Parser: total records: 2

ProMon Parser: main;BEGIN;1:0:Application:DUAL;Begin;Application;Function;

ProMon Parser: main;END;1:0:Application:DUAL;End;Application;Function;

ProMon Injector: Prob library was successfully loaded (33147872)
ProMon Injector: The method probe function sendInstRecord was found. (36289376)
ProMon Injector: The method probe function accessDataInst was found.(36289408)
ProMon Injector: instrumenting main BEGIN 1:0:Application:DUAL;Begin;Application;Function 
--->found. total: 1 
ProMon Injector: insert probe at BEGIN 1:0:Application:DUAL;Begin;Application;Function position 0x296dbb0 size 1 
ProMon Injector: instrumenting main END 1:0:Application:DUAL;End;Application;Function 
--->found. total: 2 
ProMon Injector: insert probe at END 1:0:Application:DUAL;End;Application;Function position: 0x2972f30 3
I did some binary instrumentation.
ProMon Analyzer: The variable: PROMONIP = 127.0.0.1
ProMon Analyzer: The variable: PROMONPORT = 41111
ProMon Analyzer: The variable: JOB_SYSTEM = PBS
ProMon Analyzer: The variable: COMM_TYPE = EPOLL
ProMon Analyzer: The variable: PROMON_UDP_PERIODIC_SWEEP = 5
ProMon Analyzer: The variable: PROMON_UDP_INACTIVITY_PERIOD = 5
ProMon Parser: main;BEGIN;1:0:Application:DUAL;Begin;Application;Function

ProMon Parser: main;END;1:0:Application:DUAL;End;Application;Function

ProMon Parser: total records: 2

ProMon Parser: main;BEGIN;1:0:Application:DUAL;Begin;Application;Function;

ProMon Parser: main;END;1:0:Application:DUAL;End;Application;Function;

ProMon Injector: Prob library was successfully loaded (40146448)
ProMon Injector: The method probe function sendInstRecord was found. (44096288)
ProMon Injector: The method probe function accessDataInst was found.(44096320)
ProMon Injector: instrumenting main BEGIN 1:0:Application:DUAL;Begin;Application;Function 
--->found. total: 1 
ProMon Injector: insert probe at BEGIN 1:0:Application:DUAL;Begin;Application;Function position 0x30dfa60 size 1 
ProMon Injector: instrumenting main END 1:0:Application:DUAL;End;Application;Function 
--->found. total: 2 
ProMon Injector: insert probe at END 1:0:Application:DUAL;End;Application;Function position: 0x30e52c0 3
I did some binary instrumentation.
ProMon Analyzer: The variable: PROMONIP = 127.0.0.1
ProMon Analyzer: The variable: PROMONPORT = 41111
ProMon Analyzer: The variable: JOB_SYSTEM = PBS
ProMon Analyzer: The variable: COMM_TYPE = EPOLL
ProMon Analyzer: The variable: PROMON_UDP_PERIODIC_SWEEP = 5
ProMon Analyzer: The variable: PROMON_UDP_INACTIVITY_PERIOD = 5
ProMon Parser: main;BEGIN;1:0:Application:DUAL;Begin;Application;Function

ProMon Parser: main;END;1:0:Application:DUAL;End;Application;Function

ProMon Parser: total records: 2

ProMon Parser: main;BEGIN;1:0:Application:DUAL;Begin;Application;Function;

ProMon Parser: main;END;1:0:Application:DUAL;End;Application;Function;

ProMon Injector: Prob library was successfully loaded (23463744)
ProMon Injector: The method probe function sendInstRecord was found. (27413168)
ProMon Injector: The method probe function accessDataInst was found.(27413200)
ProMon Injector: instrumenting main BEGIN 1:0:Application:DUAL;Begin;Application;Function 
--->found. total: 1 
ProMon Injector: insert probe at BEGIN 1:0:Application:DUAL;Begin;Application;Function position 0x20f8840 size 1 
ProMon Injector: instrumenting main END 1:0:Application:DUAL;End;Application;Function 
--->found. total: 2 
ProMon Injector: insert probe at END 1:0:Application:DUAL;End;Application;Function position: 0x20fb8d0 3
I did some binary instrumentation.
ProMon Analyzer: The variable: PROMONIP = 127.0.0.1
ProMon Analyzer: The variable: PROMONPORT = 41111
ProMon Analyzer: The variable: JOB_SYSTEM = PBS
ProMon Analyzer: The variable: COMM_TYPE = EPOLL
ProMon Analyzer: The variable: PROMON_UDP_PERIODIC_SWEEP = 5
ProMon Analyzer: The variable: PROMON_UDP_INACTIVITY_PERIOD = 5
ProMon Parser: main;BEGIN;1:0:Application:DUAL;Begin;Application;Function

ProMon Parser: main;END;1:0:Application:DUAL;End;Application;Function

ProMon Parser: total records: 2

ProMon Parser: main;BEGIN;1:0:Application:DUAL;Begin;Application;Function;

ProMon Parser: main;END;1:0:Application:DUAL;End;Application;Function;

ProMon Injector: Prob library was successfully loaded (21787040)
ProMon Injector: The method probe function sendInstRecord was found. (21928816)
ProMon Injector: The method probe function accessDataInst was found.(21928848)
ProMon Injector: instrumenting main BEGIN 1:0:Application:DUAL;Begin;Application;Function 
--->found. total: 1 
ProMon Injector: insert probe at BEGIN 1:0:Application:DUAL;Begin;Application;Function position 0x17d78d0 size 1 
ProMon Injector: instrumenting main END 1:0:Application:DUAL;End;Application;Function 
--->found. total: 2 
ProMon Injector: insert probe at END 1:0:Application:DUAL;End;Application;Function position: 0x15b89f0 2
I did some binary instrumentation.
ProMon Analyzer: The variable: PROMONIP = 127.0.0.1
ProMon Analyzer: The variable: PROMONPORT = 41111
ProMon Analyzer: The variable: JOB_SYSTEM = PBS
ProMon Analyzer: The variable: COMM_TYPE = EPOLL
ProMon Analyzer: The variable: PROMON_UDP_PERIODIC_SWEEP = 5
ProMon Analyzer: The variable: PROMON_UDP_INACTIVITY_PERIOD = 5
ProMon Parser: main;BEGIN;1:0:Application:DUAL;Begin;Application;Function

ProMon Parser: main;END;1:0:Application:DUAL;End;Application;Function

ProMon Parser: total records: 2

ProMon Parser: main;BEGIN;1:0:Application:DUAL;Begin;Application;Function;

ProMon Parser: main;END;1:0:Application:DUAL;End;Application;Function;

ProMon Injector: Prob library was successfully loaded (12019280)
ProMon Injector: The method probe function sendInstRecord was found. (15121312)
ProMon Injector: The method probe function accessDataInst was found.(15121344)
ProMon Injector: instrumenting main BEGIN 1:0:Application:DUAL;Begin;Application;Function 
--->found. total: 1 
ProMon Injector: insert probe at BEGIN 1:0:Application:DUAL;Begin;Application;Function position 0xe9c480 size 1 
ProMon Injector: instrumenting main END 1:0:Application:DUAL;End;Application;Function 
--->found. total: 2 
ProMon Injector: insert probe at END 1:0:Application:DUAL;End;Application;Function position: 0xf494a0 2
I did some binary instrumentation.
ProMon Analyzer: The variable: PROMONIP = 127.0.0.1
ProMon Analyzer: The variable: PROMONPORT = 41111
ProMon Analyzer: The variable: JOB_SYSTEM = PBS
ProMon Analyzer: The variable: COMM_TYPE = EPOLL
ProMon Analyzer: The variable: PROMON_UDP_PERIODIC_SWEEP = 5
ProMon Analyzer: The variable: PROMON_UDP_INACTIVITY_PERIOD = 5
ProMon Parser: mainBody;BEGIN;1:0:Run:SINGULAR;Begin;Run;Function-PROGRAMMABLE;Program

ProMon Parser: mainBody;BEGIN;1:0:Application:DUAL;Begin;Application;Function

ProMon Parser: mainBody;END;1:0:Application:DUAL;End;Application;Function

ProMon Parser: doSimIteration;BEGIN;1:0:Application:DUAL;Begin;SimulationItr;Function

ProMon Parser: doSimIteration;END;1:0:Application:DUAL;End;SimulationItr;Function

ProMon Parser: doSimIteration;BEGIN;1:0:Hadi:SINGULAR;Begin;Heartbeat;Function

ProMon Parser: mainBody;BEGIN;1:0:Application:Var1;Function:DATA_ACCESS:int:global1

ProMon Parser: total records: 7

ProMon Parser: mainBody;BEGIN;1:0:Run:SINGULAR;Begin;Run;Function-PROGRAMMABLE;Program;

ProMon Parser: mainBody;BEGIN;1:0:Application:DUAL;Begin;Application;Function;

ProMon Parser: mainBody;END;1:0:Application:DUAL;End;Application;Function;

ProMon Parser: doSimIteration;BEGIN;1:0:Application:DUAL;Begin;SimulationItr;Function;

ProMon Parser: doSimIteration;END;1:0:Application:DUAL;End;SimulationItr;Function;

ProMon Parser: doSimIteration;BEGIN;1:0:Hadi:SINGULAR;Begin;Heartbeat;Function;

ProMon Parser: mainBody;BEGIN;1:0:Application:Var1;Function:DATA_ACCESS:int:global1;

ProMon Injector: Prob library was successfully loaded (50688832)
ProMon Injector: The method probe function sendInstRecord was found. (74223392)
ProMon Injector: The method probe function accessDataInst was found.(74223392)
ProMon Injector: instrumenting mainBody BEGIN 1:0:Application:Var1;Function:DATA_ACCESS:int:global1 
--->found. total: 1 
ProMon Injector: the address in injector: 0x60106c 
ProMon Injector: insert probe at BEGIN 1:0:Application:Var1;Function:DATA_ACCESS:int:global1 position 0x12aa880 size 1 
ProMon Injector: instrumenting doSimIteration BEGIN 1:0:Hadi:SINGULAR;Begin;Heartbeat;Function 
--->found. total: 2 
ProMon Injector: insert probe at BEGIN 1:0:Hadi:SINGULAR;Begin;Heartbeat;Function position 0x9843f00 size 1 
ProMon Injector: instrumenting doSimIteration BEGIN 1:0:Application:DUAL;Begin;SimulationItr;Function 
--->found. total: 3 
ProMon Injector: insert probe at BEGIN 1:0:Application:DUAL;Begin;SimulationItr;Function position 0x74e2960 size 1 
ProMon Injector: instrumenting mainBody BEGIN 1:0:Application:DUAL;Begin;Application;Function 
--->found. total: 4 
ProMon Injector: insert probe at BEGIN 1:0:Application:DUAL;Begin;Application;Function position 0x9795f00 size 1 
ProMon Injector: instrumenting mainBody BEGIN 1:0:Run:SINGULAR;Begin;Run;Function-PROGRAMMABLE;Program 
--->found. total: 5 
ProMon Injector: insert probe at BEGIN 1:0:Run:SINGULAR;Begin;Run;Function-PROGRAMMABLE;Program position 0x9866ab0 size 1 
ProMon Injector: instrumenting mainBody END 1:0:Application:DUAL;End;Application;Function 
--->found. total: 6 
ProMon Injector: insert probe at END 1:0:Application:DUAL;End;Application;Function position: 0x9803930 2
ProMon Injector: instrumenting doSimIteration END 1:0:Application:DUAL;End;SimulationItr;Function 
--->found. total: 7 
ProMon Injector: insert probe at END 1:0:Application:DUAL;End;SimulationItr;Function position: 0x975c3c0 1
I did some dynamic instrumentation.
ProMon Analyzer: The variable: PROMONIP = 127.0.0.1
ProMon Analyzer: The variable: PROMONPORT = 41111
ProMon Analyzer: The variable: JOB_SYSTEM = PBS
ProMon Analyzer: The variable: COMM_TYPE = EPOLL
ProMon Analyzer: The variable: PROMON_UDP_PERIODIC_SWEEP = 5
ProMon Analyzer: The variable: PROMON_UDP_INACTIVITY_PERIOD = 5
ProMon Parser: main;BEGIN;1:0:Application:DUAL;Begin;Application;Function

ProMon Parser: main;END;1:0:Application:DUAL;End;Application;Function

ProMon Parser: total records: 2

ProMon Parser: main;BEGIN;1:0:Application:DUAL;Begin;Application;Function;

ProMon Parser: main;END;1:0:Application:DUAL;End;Application;Function;

ProMon Injector: Prob library was successfully loaded (36478800)
ProMon Injector: The method probe function sendInstRecord was found. (39582848)
ProMon Injector: The method probe function accessDataInst was found.(39582880)
ProMon Injector: instrumenting main BEGIN 1:0:Application:DUAL;Begin;Application;Function 
--->found. total: 1 
ProMon Injector: insert probe at BEGIN 1:0:Application:DUAL;Begin;Application;Function position 0x2683060 size 1 
ProMon Injector: instrumenting main END 1:0:Application:DUAL;End;Application;Function 
--->found. total: 2 
ProMon Injector: insert probe at END 1:0:Application:DUAL;End;Application;Function position: 0x26d9d20 1
I did some binary instrumentation.
ProMon Analyzer: The variable: PROMONIP = 127.0.0.1
ProMon Analyzer: The variable: PROMONPORT = 41111
ProMon Analyzer: The variable: JOB_SYSTEM = PBS
ProMon Analyzer: The variable: COMM_TYPE = EPOLL
ProMon Analyzer: The variable: PROMON_UDP_PERIODIC_SWEEP = 5
ProMon Analyzer: The variable: PROMON_UDP_INACTIVITY_PERIOD = 5
ProMon Analyzer: The variable: PROMONIP = 127.0.0.1
ProMon Analyzer: The variable: PROMONPORT = 41111
ProMon Analyzer: The variable: JOB_SYSTEM = PBS
ProMon Analyzer: The variable: COMM_TYPE = EPOLL
ProMon Analyzer: The variable: PROMON_UDP_PERIODIC_SWEEP = 5
ProMon Analyzer: The variable: PROMON_UDP_INACTIVITY_PERIOD = 5
ProMon Parser: main;BEGIN;1:0:Application:DUAL;Begin;Application;Function

ProMon Parser: main;END;1:0:Application:DUAL;End;Application;Function

ProMon Parser: total records: 2

ProMon Parser: main;BEGIN;1:0:Application:DUAL;Begin;Application;Function;

ProMon Parser: main;END;1:0:Application:DUAL;End;Application;Function;

ProMon Injector: Prob library was successfully loaded (36013712)
ProMon Injector: The method probe function sendInstRecord was found. (39115632)
ProMon Injector: The method probe function accessDataInst was found.(39115664)
ProMon Injector: instrumenting main BEGIN 1:0:Application:DUAL;Begin;Application;Function 
--->found. total: 1 
ProMon Injector: insert probe at BEGIN 1:0:Application:DUAL;Begin;Application;Function position 0x27ff160 size 1 
ProMon Injector: instrumenting main END 1:0:Application:DUAL;End;Application;Function 
--->found. total: 2 
ProMon Injector: insert probe at END 1:0:Application:DUAL;End;Application;Function position: 0x2731f90 2
I did some binary instrumentation.
ProMon Analyzer: The variable: PROMONIP = 127.0.0.1
ProMon Analyzer: The variable: PROMONPORT = 41111
ProMon Analyzer: The variable: JOB_SYSTEM = PBS
ProMon Analyzer: The variable: COMM_TYPE = EPOLL
ProMon Analyzer: The variable: PROMON_UDP_PERIODIC_SWEEP = 5
ProMon Analyzer: The variable: PROMON_UDP_INACTIVITY_PERIOD = 5
ProMon Analyzer: The variable: PROMONIP = 127.0.0.1
ProMon Analyzer: The variable: PROMONPORT = 41111
ProMon Analyzer: The variable: JOB_SYSTEM = PBS
ProMon Analyzer: The variable: COMM_TYPE = EPOLL
ProMon Analyzer: The variable: PROMON_UDP_PERIODIC_SWEEP = 5
ProMon Analyzer: The variable: PROMON_UDP_INACTIVITY_PERIOD = 5
ProMon Parser: XML file /home/ujjwal/Source/applications/mpi_hello/mpi_hello could not be loaded

ProMon Parser: Working directory is (/home/ujjwal/Source/ProMon)

ProMon Analyzer: The variable: PROMONIP = 127.0.0.1
ProMon Analyzer: The variable: PROMONPORT = 41111
ProMon Analyzer: The variable: JOB_SYSTEM = PBS
ProMon Analyzer: The variable: COMM_TYPE = EPOLL
ProMon Analyzer: The variable: PROMON_UDP_PERIODIC_SWEEP = 5
ProMon Analyzer: The variable: PROMON_UDP_INACTIVITY_PERIOD = 5
ProMon Parser: XML file /home/ujjwal/Source/applications/mpi_hello/mpi_hello could not be loaded

ProMon Parser: Working directory is (/home/ujjwal/Source/ProMon)

ProMon Analyzer: The variable: PROMONIP = 127.0.0.1
ProMon Analyzer: The variable: PROMONPORT = 41111
ProMon Analyzer: The variable: JOB_SYSTEM = PBS
ProMon Analyzer: The variable: COMM_TYPE = EPOLL
ProMon Analyzer: The variable: PROMON_UDP_PERIODIC_SWEEP = 5
ProMon Analyzer: The variable: PROMON_UDP_INACTIVITY_PERIOD = 5
ProMon Parser: main;BEGIN;1:0:Application:DUAL;Begin;Application;Function

ProMon Parser: main;END;1:0:Application:DUAL;End;Application;Function

ProMon Parser: total records: 2

ProMon Parser: main;BEGIN;1:0:Application:DUAL;Begin;Application;Function;

ProMon Parser: main;END;1:0:Application:DUAL;End;Application;Function;

ProMon Injector: Prob library was successfully loaded (11583664)
ProMon Injector: The method probe function sendInstRecord was found. (14686624)
ProMon Injector: The method probe function accessDataInst was found.(14686656)
ProMon Injector: instrumenting main BEGIN 1:0:Application:DUAL;Begin;Application;Function 
--->found. total: 1 
ProMon Injector: insert probe at BEGIN 1:0:Application:DUAL;Begin;Application;Function position 0x1071560 size 1 
ProMon Injector: instrumenting main END 1:0:Application:DUAL;End;Application;Function 
--->found. total: 2 
ProMon Injector: insert probe at END 1:0:Application:DUAL;End;Application;Function position: 0xf4ff30 2
I did some binary instrumentation.
ProMon Analyzer: The variable: PROMONIP = 127.0.0.1
ProMon Analyzer: The variable: PROMONPORT = 41111
ProMon Analyzer: The variable: JOB_SYSTEM = PBS
ProMon Analyzer: The variable: COMM_TYPE = EPOLL
ProMon Analyzer: The variable: PROMON_UDP_PERIODIC_SWEEP = 5
ProMon Analyzer: The variable: PROMON_UDP_INACTIVITY_PERIOD = 5
ProMon Parser: main;BEGIN;1:0:Application:DUAL;Begin;Application;Function

ProMon Parser: main;END;1:0:Application:DUAL;End;Application;Function

ProMon Parser: total records: 2

ProMon Parser: main;BEGIN;1:0:Application:DUAL;Begin;Application;Function;

ProMon Parser: main;END;1:0:Application:DUAL;End;Application;Function;

ProMon Injector: Prob library was successfully loaded (21692592)
ProMon Injector: The method probe function sendInstRecord was found. (24795552)
ProMon Injector: The method probe function accessDataInst was found.(24795584)
ProMon Injector: instrumenting main BEGIN 1:0:Application:DUAL;Begin;Application;Function 
--->found. total: 1 
ProMon Injector: insert probe at BEGIN 1:0:Application:DUAL;Begin;Application;Function position 0x1a15560 size 1 
ProMon Injector: instrumenting main END 1:0:Application:DUAL;End;Application;Function 
--->found. total: 2 
ProMon Injector: insert probe at END 1:0:Application:DUAL;End;Application;Function position: 0x18f3f30 2
I did some binary instrumentation.
ProMon Analyzer: The variable: PROMONIP = 127.0.0.1
ProMon Analyzer: The variable: PROMONPORT = 41111
ProMon Analyzer: The variable: JOB_SYSTEM = PBS
ProMon Analyzer: The variable: COMM_TYPE = EPOLL
ProMon Analyzer: The variable: PROMON_UDP_PERIODIC_SWEEP = 5
ProMon Analyzer: The variable: PROMON_UDP_INACTIVITY_PERIOD = 5
ProMon Parser: main;BEGIN;1:0:Application:DUAL;Begin;Application;Function

ProMon Parser: main;END;1:0:Application:DUAL;End;Application;Function

ProMon Parser: total records: 2

ProMon Parser: main;BEGIN;1:0:Application:DUAL;Begin;Application;Function;

ProMon Parser: main;END;1:0:Application:DUAL;End;Application;Function;

ProMon Injector: Prob library was successfully loaded (25431984)
ProMon Injector: The method probe function sendInstRecord was found. (29282592)
ProMon Injector: The method probe function accessDataInst was found.(29282624)
ProMon Injector: instrumenting main BEGIN 1:0:Application:DUAL;Begin;Application;Function 
--->found. total: 1 
ProMon Injector: insert probe at BEGIN 1:0:Application:DUAL;Begin;Application;Function position 0x1e11b70 size 1 
ProMon Injector: instrumenting main END 1:0:Application:DUAL;End;Application;Function 
--->found. total: 2 
ProMon Injector: insert probe at END 1:0:Application:DUAL;End;Application;Function position: 0x1c85080 2
I did some binary instrumentation.
ProMon Analyzer: The variable: PROMONIP = 127.0.0.1
ProMon Analyzer: The variable: PROMONPORT = 41111
ProMon Analyzer: The variable: JOB_SYSTEM = PBS
ProMon Analyzer: The variable: COMM_TYPE = EPOLL
ProMon Analyzer: The variable: PROMON_UDP_PERIODIC_SWEEP = 5
ProMon Analyzer: The variable: PROMON_UDP_INACTIVITY_PERIOD = 5
ProMon Parser: main;BEGIN;1:0:Application:DUAL;Begin;Application;Function

ProMon Parser: main;END;1:0:Application:DUAL;End;Application;Function

ProMon Parser: total records: 2

ProMon Parser: main;BEGIN;1:0:Application:DUAL;Begin;Application;Function;

ProMon Parser: main;END;1:0:Application:DUAL;End;Application;Function;

ProMon Injector: Prob library was successfully loaded (33169328)
ProMon Injector: The method probe function sendInstRecord was found. (37020512)
ProMon Injector: The method probe function accessDataInst was found.(37020544)
ProMon Injector: instrumenting main BEGIN 1:0:Application:DUAL;Begin;Application;Function 
--->found. total: 1 
ProMon Injector: insert probe at BEGIN 1:0:Application:DUAL;Begin;Application;Function position 0x25f7f20 size 1 
ProMon Injector: instrumenting main END 1:0:Application:DUAL;End;Application;Function 
--->found. total: 2 
ProMon Injector: insert probe at END 1:0:Application:DUAL;End;Application;Function position: 0x237a8c0 2
I did some binary instrumentation.
ProMon Analyzer: The variable: PROMONIP = 127.0.0.1
ProMon Analyzer: The variable: PROMONPORT = 41111
ProMon Analyzer: The variable: JOB_SYSTEM = PBS
ProMon Analyzer: The variable: COMM_TYPE = EPOLL
ProMon Analyzer: The variable: PROMON_UDP_PERIODIC_SWEEP = 5
ProMon Analyzer: The variable: PROMON_UDP_INACTIVITY_PERIOD = 5
ProMon Parser: main;END;1:0:Application:SINGULAR;Begin;Application;Function

ProMon Parser: total records: 1

ProMon Parser: main;END;1:0:Application:SINGULAR;Begin;Application;Function;

ProMon Injector: Prob library was successfully loaded (36334768)
ProMon Injector: The method probe function sendInstRecord was found. (40186064)
ProMon Injector: The method probe function accessDataInst was found.(40186096)
ProMon Injector: instrumenting main END 1:0:Application:SINGULAR;Begin;Application;Function 
--->found. total: 1 
ProMon Injector: insert probe at END 1:0:Application:SINGULAR;Begin;Application;Function position: 0x2916050 2
I did some binary instrumentation.
ProMon Analyzer: The variable: PROMONIP = 127.0.0.1
ProMon Analyzer: The variable: PROMONPORT = 41111
ProMon Analyzer: The variable: JOB_SYSTEM = PBS
ProMon Analyzer: The variable: COMM_TYPE = EPOLL
ProMon Analyzer: The variable: PROMON_UDP_PERIODIC_SWEEP = 5
ProMon Analyzer: The variable: PROMON_UDP_INACTIVITY_PERIOD = 5
ProMon Parser: main;BEGIN;1:0:Application:DUAL;Begin;Application;Function

ProMon Parser: main;END;1:0:Application:DUAL;End;Application;Function

ProMon Parser: total records: 2

ProMon Parser: main;BEGIN;1:0:Application:DUAL;Begin;Application;Function;

ProMon Parser: main;END;1:0:Application:DUAL;End;Application;Function;

ProMon Injector: Prob library was successfully loaded (18046912)
ProMon Injector: The method probe function sendInstRecord was found. (21898096)
ProMon Injector: The method probe function accessDataInst was found.(21898128)
ProMon Injector: instrumenting main BEGIN 1:0:Application:DUAL;Begin;Application;Function 
--->found. total: 1 
ProMon Injector: insert probe at BEGIN 1:0:Application:DUAL;Begin;Application;Function position 0x17a3d40 size 1 
ProMon Injector: instrumenting main END 1:0:Application:DUAL;End;Application;Function 
--->found. total: 2 
ProMon Injector: insert probe at END 1:0:Application:DUAL;End;Application;Function position: 0x151b340 2
I did some binary instrumentation.
ProMon Analyzer: The variable: PROMONIP = 127.0.0.1
ProMon Analyzer: The variable: PROMONPORT = 41111
ProMon Analyzer: The variable: JOB_SYSTEM = PBS
ProMon Analyzer: The variable: COMM_TYPE = EPOLL
ProMon Analyzer: The variable: PROMON_UDP_PERIODIC_SWEEP = 5
ProMon Analyzer: The variable: PROMON_UDP_INACTIVITY_PERIOD = 5
ProMon Parser: main;BEGIN;1:0:Application:DUAL;Begin;Application;Function

ProMon Parser: main;END;1:0:Application:DUAL;End;Application;Function

ProMon Parser: total records: 2

ProMon Parser: main;BEGIN;1:0:Application:DUAL;Begin;Application;Function;

ProMon Parser: main;END;1:0:Application:DUAL;End;Application;Function;

ProMon Injector: Prob library was successfully loaded (27595744)
ProMon Injector: The method probe function sendInstRecord was found. (27737808)
ProMon Injector: The method probe function accessDataInst was found.(27737840)
ProMon Injector: instrumenting main BEGIN 1:0:Application:DUAL;Begin;Application;Function 
--->found. total: 1 
ProMon Injector: insert probe at BEGIN 1:0:Application:DUAL;Begin;Application;Function position 0x1c39090 size 1 
ProMon Injector: instrumenting main END 1:0:Application:DUAL;End;Application;Function 
--->found. total: 2 
ProMon Injector: insert probe at END 1:0:Application:DUAL;End;Application;Function position: 0x1ace0d0 2
I did some binary instrumentation.
ProMon Analyzer: The variable: PROMONIP = 127.0.0.1
ProMon Analyzer: The variable: PROMONPORT = 41111
ProMon Analyzer: The variable: JOB_SYSTEM = PBS
ProMon Analyzer: The variable: COMM_TYPE = EPOLL
ProMon Analyzer: The variable: PROMON_UDP_PERIODIC_SWEEP = 5
ProMon Analyzer: The variable: PROMON_UDP_INACTIVITY_PERIOD = 5
ProMon Parser: main;BEGIN;1:0:Application:DUAL;Begin;Application;Function

ProMon Parser: main;END;1:0:Application:DUAL;End;Application;Function

ProMon Parser: total records: 2

ProMon Parser: main;BEGIN;1:0:Application:DUAL;Begin;Application;Function;

ProMon Parser: main;END;1:0:Application:DUAL;End;Application;Function;

ProMon Injector: Prob library was successfully loaded (12321648)
ProMon Injector: The method probe function sendInstRecord was found. (12463712)
ProMon Injector: The method probe function accessDataInst was found.(12463744)
ProMon Injector: instrumenting main BEGIN 1:0:Application:DUAL;Begin;Application;Function 
--->found. total: 1 
ProMon Injector: insert probe at BEGIN 1:0:Application:DUAL;Begin;Application;Function position 0xe1b4a0 size 1 
ProMon Injector: instrumenting main END 1:0:Application:DUAL;End;Application;Function 
--->found. total: 2 
ProMon Injector: insert probe at END 1:0:Application:DUAL;End;Application;Function position: 0xddad10 2
I did some binary instrumentation.
ProMon Analyzer: The variable: PROMONIP = 127.0.0.1
ProMon Analyzer: The variable: PROMONPORT = 41111
ProMon Analyzer: The variable: JOB_SYSTEM = PBS
ProMon Analyzer: The variable: COMM_TYPE = EPOLL
ProMon Analyzer: The variable: PROMON_UDP_PERIODIC_SWEEP = 5
ProMon Analyzer: The variable: PROMON_UDP_INACTIVITY_PERIOD = 5
ProMon Parser: main;BEGIN;1:0:Application:DUAL;Begin;Application;Function

ProMon Parser: main;END;1:0:Application:DUAL;End;Application;Function

ProMon Parser: total records: 2

ProMon Parser: main;BEGIN;1:0:Application:DUAL;Begin;Application;Function;

ProMon Parser: main;END;1:0:Application:DUAL;End;Application;Function;

ProMon Injector: Prob library was successfully loaded (32402576)
ProMon Injector: The method probe function sendInstRecord was found. (35507968)
ProMon Injector: The method probe function accessDataInst was found.(35508000)
ProMon Injector: instrumenting main BEGIN 1:0:Application:DUAL;Begin;Application;Function 
--->found. total: 1 
ProMon Injector: insert probe at BEGIN 1:0:Application:DUAL;Begin;Application;Function position 0x2377a10 size 1 
ProMon Injector: instrumenting main END 1:0:Application:DUAL;End;Application;Function 
--->found. total: 2 
ProMon Injector: insert probe at END 1:0:Application:DUAL;End;Application;Function position: 0x238fcb0 2
I did some binary instrumentation.
ProMon Analyzer: The variable: PROMONIP = 127.0.0.1
ProMon Analyzer: The variable: PROMONPORT = 41111
ProMon Analyzer: The variable: JOB_SYSTEM = PBS
ProMon Analyzer: The variable: COMM_TYPE = EPOLL
ProMon Analyzer: The variable: PROMON_UDP_PERIODIC_SWEEP = 5
ProMon Analyzer: The variable: PROMON_UDP_INACTIVITY_PERIOD = 5
ProMon Parser: main;BEGIN;1:0:Application:DUAL;Begin;Application;Function

ProMon Parser: main;END;1:0:Application:DUAL;End;Application;Function

ProMon Parser: total records: 2

ProMon Parser: main;BEGIN;1:0:Application:DUAL;Begin;Application;Function;

ProMon Parser: main;END;1:0:Application:DUAL;End;Application;Function;

ProMon Injector: Prob library was successfully loaded (36142224)
ProMon Injector: The method probe function sendInstRecord was found. (39247616)
ProMon Injector: The method probe function accessDataInst was found.(39247648)
ProMon Injector: instrumenting main BEGIN 1:0:Application:DUAL;Begin;Application;Function 
--->found. total: 1 
ProMon Injector: insert probe at BEGIN 1:0:Application:DUAL;Begin;Application;Function position 0x2708a10 size 1 
ProMon Injector: instrumenting main END 1:0:Application:DUAL;End;Application;Function 
--->found. total: 2 
ProMon Injector: insert probe at END 1:0:Application:DUAL;End;Application;Function position: 0x2720cb0 2
I did some binary instrumentation.
ProMon Analyzer: The variable: PROMONIP = 127.0.0.1
ProMon Analyzer: The variable: PROMONPORT = 41111
ProMon Analyzer: The variable: JOB_SYSTEM = PBS
ProMon Analyzer: The variable: COMM_TYPE = EPOLL
ProMon Analyzer: The variable: PROMON_UDP_PERIODIC_SWEEP = 5
ProMon Analyzer: The variable: PROMON_UDP_INACTIVITY_PERIOD = 5
ProMon Parser: main;BEGIN;1:0:Application:DUAL;Begin;Application;Function

ProMon Parser: main;END;1:0:Application:DUAL;End;Application;Function

ProMon Parser: total records: 2

ProMon Parser: main;BEGIN;1:0:Application:DUAL;Begin;Application;Function;

ProMon Parser: main;END;1:0:Application:DUAL;End;Application;Function;

ProMon Injector: Prob library was successfully loaded (38784176)
ProMon Injector: The method probe function sendInstRecord was found. (40072960)
ProMon Injector: The method probe function accessDataInst was found.(40072992)
ProMon Injector: instrumenting main BEGIN 1:0:Application:DUAL;Begin;Application;Function 
--->found. total: 1 
ProMon Injector: insert probe at BEGIN 1:0:Application:DUAL;Begin;Application;Function position 0x2733040 size 1 
ProMon Injector: instrumenting main END 1:0:Application:DUAL;End;Application;Function 
--->found. total: 2 
ProMon Injector: insert probe at END 1:0:Application:DUAL;End;Application;Function position: 0x27396e0 2
I did some binary instrumentation.
ProMon Analyzer: The variable: PROMONIP = 127.0.0.1
ProMon Analyzer: The variable: PROMONPORT = 41111
ProMon Analyzer: The variable: JOB_SYSTEM = PBS
ProMon Analyzer: The variable: COMM_TYPE = EPOLL
ProMon Analyzer: The variable: PROMON_UDP_PERIODIC_SWEEP = 5
ProMon Analyzer: The variable: PROMON_UDP_INACTIVITY_PERIOD = 5
ProMon Parser: main;BEGIN;1:0:Application:DUAL;Begin;Application;Function

ProMon Parser: main;END;1:0:Application:DUAL;End;Application;Function

ProMon Parser: total records: 2

ProMon Parser: main;BEGIN;1:0:Application:DUAL;Begin;Application;Function;

ProMon Parser: main;END;1:0:Application:DUAL;End;Application;Function;

ProMon Injector: Prob library was successfully loaded (40451216)
ProMon Injector: The method probe function sendInstRecord was found. (41739840)
ProMon Injector: The method probe function accessDataInst was found.(41739872)
ProMon Injector: instrumenting main BEGIN 1:0:Application:DUAL;Begin;Application;Function 
--->found. total: 1 
ProMon Injector: insert probe at BEGIN 1:0:Application:DUAL;Begin;Application;Function position 0x28bff30 size 1 
ProMon Injector: instrumenting main END 1:0:Application:DUAL;End;Application;Function 
--->found. total: 2 
ProMon Injector: insert probe at END 1:0:Application:DUAL;End;Application;Function position: 0x28d08e0 2
I did some binary instrumentation.
